# JRE version: Java(TM) SE Runtime Environment (17.0.8+9) (build 17.0.8+9-LTS-211)
# Java VM: Java HotSpot(TM) 64-Bit Server VM (17.0.8+9-LTS-211, mixed mode, sharing, tiered, compressed oops, compressed class ptrs, g1 gc, windows-amd64)
GC Precious Log:
 CPUs: 2 total, 2 available
 Memory: 3891M
 Large Page Support: Disabled
 NUMA Support: Disabled
 Compressed Oops: Enabled (32-bit)
 Heap Region Size: 1M
 Heap Min Capacity: 8M
 Heap Initial Capacity: 62M
 Heap Max Capacity: 974M
 Pre-touch: Disabled
 Parallel Workers: 2
 Concurrent Workers: 1
 Concurrent Refinement Workers: 2
 Periodic GC: Disabled
Heap:
 garbage-first heap   total 63488K, used 34538K [0x00000000c3200000, 0x0000000100000000)
  region size 1024K, 8 young (8192K), 2 survivors (2048K)
 Metaspace       used 24468K, committed 24768K, reserved 1114112K
  class space    used 2777K, committed 2944K, reserved 1048576K
GC Heap History (20 events):
Event: 49.493 GC heap before
{Heap before GC invocations=8 (full 0):
 garbage-first heap   total 63488K, used 49120K [0x00000000c3200000, 0x0000000100000000)
  region size 1024K, 37 young (37888K), 4 survivors (4096K)
 Metaspace       used 16451K, committed 16640K, reserved 1114112K
  class space    used 1848K, committed 1920K, reserved 1048576K
}
Event: 49.508 GC heap after
{Heap after GC invocations=9 (full 0):
 garbage-first heap   total 63488K, used 17721K [0x00000000c3200000, 0x0000000100000000)
  region size 1024K, 4 young (4096K), 4 survivors (4096K)
 Metaspace       used 16451K, committed 16640K, reserved 1114112K
  class space    used 1848K, committed 1920K, reserved 1048576K
}
Event: 54.061 GC heap before
{Heap before GC invocations=9 (full 0):
 garbage-first heap   total 63488K, used 48441K [0x00000000c3200000, 0x0000000100000000)
  region size 1024K, 34 young (34816K), 4 survivors (4096K)
 Metaspace       used 16520K, committed 16704K, reserved 1114112K
  class space    used 1850K, committed 1920K, reserved 1048576K
}
Event: 54.076 GC heap after
{Heap after GC invocations=10 (full 0):
 garbage-first heap   total 63488K, used 19824K [0x00000000c3200000, 0x0000000100000000)
  region size 1024K, 5 young (5120K), 5 survivors (5120K)
 Metaspace       used 16520K, committed 16704K, reserved 1114112K
  class space    used 1850K, committed 1920K, reserved 1048576K
}
Event: 57.201 GC heap before
{Heap before GC invocations=10 (full 0):
 garbage-first heap   total 63488K, used 49520K [0x00000000c3200000, 0x0000000100000000)
  region size 1024K, 34 young (34816K), 5 survivors (5120K)
 Metaspace       used 16546K, committed 16768K, reserved 1114112K
  class space    used 1850K, committed 1920K, reserved 1048576K
}
Event: 57.217 GC heap after
{Heap after GC invocations=11 (full 0):
 garbage-first heap   total 63488K, used 21665K [0x00000000c3200000, 0x0000000100000000)
  region size 1024K, 4 young (4096K), 4 survivors (4096K)
 Metaspace       used 16546K, committed 16768K, reserved 1114112K
  class space    used 1850K, committed 1920K, reserved 1048576K
}
Event: 60.278 GC heap before
{Heap before GC invocations=11 (full 0):
 garbage-first heap   total 63488K, used 49313K [0x00000000c3200000, 0x0000000100000000)
  region size 1024K, 31 young (31744K), 4 survivors (4096K)
 Metaspace       used 16568K, committed 16768K, reserved 1114112K
  class space    used 1850K, committed 1920K, reserved 1048576K
}
Event: 60.293 GC heap after
{Heap after GC invocations=12 (full 0):
 garbage-first heap   total 63488K, used 23733K [0x00000000c3200000, 0x0000000100000000)
  region size 1024K, 2 young (2048K), 2 survivors (2048K)
 Metaspace       used 16568K, committed 16768K, reserved 1114112K
  class space    used 1850K, committed 1920K, reserved 1048576K
}
Event: 63.112 GC heap before
{Heap before GC invocations=12 (full 0):
 garbage-first heap   total 63488K, used 50357K [0x00000000c3200000, 0x0000000100000000)
  region size 1024K, 28 young (28672K), 2 survivors (2048K)
 Metaspace       used 16590K, committed 16768K, reserved 1114112K
  class space    used 1851K, committed 1920K, reserved 1048576K
}
Event: 63.122 GC heap after
{Heap after GC invocations=13 (full 0):
 garbage-first heap   total 63488K, used 24974K [0x00000000c3200000, 0x0000000100000000)
  region size 1024K, 3 young (3072K), 3 survivors (3072K)
 Metaspace       used 16590K, committed 16768K, reserved 1114112K
  class space    used 1851K, committed 1920K, reserved 1048576K
}
Event: 67.601 GC heap before
{Heap before GC invocations=13 (full 0):
 garbage-first heap   total 63488K, used 50574K [0x00000000c3200000, 0x0000000100000000)
  region size 1024K, 28 young (28672K), 3 survivors (3072K)
 Metaspace       used 16613K, committed 16768K, reserved 1114112K
  class space    used 1851K, committed 1920K, reserved 1048576K
}
Event: 67.613 GC heap after
{Heap after GC invocations=14 (full 0):
 garbage-first heap   total 63488K, used 26482K [0x00000000c3200000, 0x0000000100000000)
  region size 1024K, 3 young (3072K), 3 survivors (3072K)
 Metaspace       used 16613K, committed 16768K, reserved 1114112K
  class space    used 1851K, committed 1920K, reserved 1048576K
}
Event: 80.912 GC heap before
{Heap before GC invocations=14 (full 0):
 garbage-first heap   total 63488K, used 51058K [0x00000000c3200000, 0x0000000100000000)
  region size 1024K, 27 young (27648K), 3 survivors (3072K)
 Metaspace       used 17546K, committed 17792K, reserved 1114112K
  class space    used 1957K, committed 2048K, reserved 1048576K
}
Event: 80.925 GC heap after
{Heap after GC invocations=15 (full 0):
 garbage-first heap   total 63488K, used 27956K [0x00000000c3200000, 0x0000000100000000)
  region size 1024K, 3 young (3072K), 3 survivors (3072K)
 Metaspace       used 17546K, committed 17792K, reserved 1114112K
  class space    used 1957K, committed 2048K, reserved 1048576K
}
Event: 84.575 GC heap before
{Heap before GC invocations=15 (full 0):
 garbage-first heap   total 63488K, used 51508K [0x00000000c3200000, 0x0000000100000000)
  region size 1024K, 26 young (26624K), 3 survivors (3072K)
 Metaspace       used 17560K, committed 17792K, reserved 1114112K
  class space    used 1957K, committed 2048K, reserved 1048576K
}
Event: 84.587 GC heap after
{Heap after GC invocations=16 (full 0):
 garbage-first heap   total 63488K, used 29029K [0x00000000c3200000, 0x0000000100000000)
  region size 1024K, 3 young (3072K), 3 survivors (3072K)
 Metaspace       used 17560K, committed 17792K, reserved 1114112K
  class space    used 1957K, committed 2048K, reserved 1048576K
}
Event: 96.721 GC heap before
{Heap before GC invocations=16 (full 0):
 garbage-first heap   total 63488K, used 50533K [0x00000000c3200000, 0x0000000100000000)
  region size 1024K, 25 young (25600K), 3 survivors (3072K)
 Metaspace       used 19889K, committed 20224K, reserved 1114112K
  class space    used 2212K, committed 2368K, reserved 1048576K
}
Event: 96.731 GC heap after
{Heap after GC invocations=17 (full 0):
 garbage-first heap   total 63488K, used 30175K [0x00000000c3200000, 0x0000000100000000)
  region size 1024K, 3 young (3072K), 3 survivors (3072K)
 Metaspace       used 19889K, committed 20224K, reserved 1114112K
  class space    used 2212K, committed 2368K, reserved 1048576K
}
Event: 99.462 GC heap before
{Heap before GC invocations=17 (full 0):
 garbage-first heap   total 63488K, used 32223K [0x00000000c3200000, 0x0000000100000000)
  region size 1024K, 6 young (6144K), 3 survivors (3072K)
 Metaspace       used 21232K, committed 21504K, reserved 1114112K
  class space    used 2408K, committed 2560K, reserved 1048576K
}
Event: 99.470 GC heap after
{Heap after GC invocations=18 (full 0):
 garbage-first heap   total 63488K, used 30442K [0x00000000c3200000, 0x0000000100000000)
  region size 1024K, 2 young (2048K), 2 survivors (2048K)
 Metaspace       used 21232K, committed 21504K, reserved 1114112K
  class space    used 2408K, committed 2560K, reserved 1048576K
}

