# JRE version: Java(TM) SE Runtime Environment (17.0.8+9) (build 17.0.8+9-LTS-211)
# Java VM: Java HotSpot(TM) 64-Bit Server VM (17.0.8+9-LTS-211, mixed mode, sharing, tiered, compressed oops, compressed class ptrs, g1 gc, windows-amd64)
GC Precious Log:
 CPUs: 2 total, 2 available
 Memory: 3891M
 Large Page Support: Disabled
 NUMA Support: Disabled
 Compressed Oops: Enabled (32-bit)
 Heap Region Size: 1M
 Heap Min Capacity: 8M
 Heap Initial Capacity: 62M
 Heap Max Capacity: 974M
 Pre-touch: Disabled
 Parallel Workers: 2
 Concurrent Workers: 1
 Concurrent Refinement Workers: 2
 Periodic GC: Disabled
Heap:
 garbage-first heap   total 122880K, used 100439K [0x00000000c3200000, 0x0000000100000000)
  region size 1024K, 2 young (2048K), 1 survivors (1024K)
 Metaspace       used 32070K, committed 32896K, reserved 1114112K
  class space    used 3547K, committed 3904K, reserved 1048576K
GC Heap History (20 events):
Event: 248.226 GC heap before
{Heap before GC invocations=32 (full 0):
 garbage-first heap   total 116736K, used 78749K [0x00000000c3200000, 0x0000000100000000)
  region size 1024K, 13 young (13312K), 2 survivors (2048K)
 Metaspace       used 27762K, committed 28160K, reserved 1114112K
  class space    used 3050K, committed 3264K, reserved 1048576K
}
Event: 248.239 GC heap after
{Heap after GC invocations=33 (full 0):
 garbage-first heap   total 116736K, used 69861K [0x00000000c3200000, 0x0000000100000000)
  region size 1024K, 2 young (2048K), 2 survivors (2048K)
 Metaspace       used 27762K, committed 28160K, reserved 1114112K
  class space    used 3050K, committed 3264K, reserved 1048576K
}
Event: 249.035 GC heap before
{Heap before GC invocations=33 (full 0):
 garbage-first heap   total 116736K, used 71909K [0x00000000c3200000, 0x0000000100000000)
  region size 1024K, 5 young (5120K), 2 survivors (2048K)
 Metaspace       used 27928K, committed 28288K, reserved 1114112K
  class space    used 3067K, committed 3264K, reserved 1048576K
}
Event: 249.043 GC heap after
{Heap after GC invocations=34 (full 0):
 garbage-first heap   total 116736K, used 69511K [0x00000000c3200000, 0x0000000100000000)
  region size 1024K, 1 young (1024K), 1 survivors (1024K)
 Metaspace       used 27928K, committed 28288K, reserved 1114112K
  class space    used 3067K, committed 3264K, reserved 1048576K
}
Event: 252.670 GC heap before
{Heap before GC invocations=34 (full 0):
 garbage-first heap   total 116736K, used 87943K [0x00000000c3200000, 0x0000000100000000)
  region size 1024K, 20 young (20480K), 1 survivors (1024K)
 Metaspace       used 28921K, committed 29312K, reserved 1114112K
  class space    used 3188K, committed 3392K, reserved 1048576K
}
Event: 252.672 GC heap after
{Heap after GC invocations=35 (full 0):
 garbage-first heap   total 116736K, used 69708K [0x00000000c3200000, 0x0000000100000000)
  region size 1024K, 1 young (1024K), 1 survivors (1024K)
 Metaspace       used 28921K, committed 29312K, reserved 1114112K
  class space    used 3188K, committed 3392K, reserved 1048576K
}
Event: 256.100 GC heap before
{Heap before GC invocations=36 (full 0):
 garbage-first heap   total 119808K, used 90188K [0x00000000c3200000, 0x0000000100000000)
  region size 1024K, 21 young (21504K), 1 survivors (1024K)
 Metaspace       used 29279K, committed 29632K, reserved 1114112K
  class space    used 3213K, committed 3392K, reserved 1048576K
}
Event: 256.104 GC heap after
{Heap after GC invocations=37 (full 0):
 garbage-first heap   total 119808K, used 69788K [0x00000000c3200000, 0x0000000100000000)
  region size 1024K, 1 young (1024K), 1 survivors (1024K)
 Metaspace       used 29279K, committed 29632K, reserved 1114112K
  class space    used 3213K, committed 3392K, reserved 1048576K
}
Event: 256.873 GC heap before
{Heap before GC invocations=37 (full 0):
 garbage-first heap   total 119808K, used 73884K [0x00000000c3200000, 0x0000000100000000)
  region size 1024K, 5 young (5120K), 1 survivors (1024K)
 Metaspace       used 29347K, committed 29696K, reserved 1114112K
  class space    used 3215K, committed 3392K, reserved 1048576K
}
Event: 256.881 GC heap after
{Heap after GC invocations=38 (full 0):
 garbage-first heap   total 119808K, used 69607K [0x00000000c3200000, 0x0000000100000000)
  region size 1024K, 1 young (1024K), 1 survivors (1024K)
 Metaspace       used 29347K, committed 29696K, reserved 1114112K
  class space    used 3215K, committed 3392K, reserved 1048576K
}
Event: 262.342 GC heap before
{Heap before GC invocations=38 (full 0):
 garbage-first heap   total 119808K, used 94183K [0x00000000c3200000, 0x0000000100000000)
  region size 1024K, 25 young (25600K), 1 survivors (1024K)
 Metaspace       used 30311K, committed 30656K, reserved 1114112K
  class space    used 3341K, committed 3520K, reserved 1048576K
}
Event: 262.351 GC heap after
{Heap after GC invocations=39 (full 0):
 garbage-first heap   total 119808K, used 71848K [0x00000000c3200000, 0x0000000100000000)
  region size 1024K, 2 young (2048K), 2 survivors (2048K)
 Metaspace       used 30311K, committed 30656K, reserved 1114112K
  class space    used 3341K, committed 3520K, reserved 1048576K
}
Event: 280.932 GC heap before
{Heap before GC invocations=40 (full 0):
 garbage-first heap   total 122880K, used 95400K [0x00000000c3200000, 0x0000000100000000)
  region size 1024K, 26 young (26624K), 2 survivors (2048K)
 Metaspace       used 31127K, committed 31488K, reserved 1114112K
  class space    used 3382K, committed 3584K, reserved 1048576K
}
Event: 280.945 GC heap after
{Heap after GC invocations=41 (full 0):
 garbage-first heap   total 122880K, used 73051K [0x00000000c3200000, 0x0000000100000000)
  region size 1024K, 4 young (4096K), 4 survivors (4096K)
 Metaspace       used 31127K, committed 31488K, reserved 1114112K
  class space    used 3382K, committed 3584K, reserved 1048576K
}
Event: 281.342 GC heap before
{Heap before GC invocations=41 (full 0):
 garbage-first heap   total 122880K, used 74075K [0x00000000c3200000, 0x0000000100000000)
  region size 1024K, 6 young (6144K), 4 survivors (4096K)
 Metaspace       used 31339K, committed 31680K, reserved 1114112K
  class space    used 3407K, committed 3584K, reserved 1048576K
}
Event: 281.355 GC heap after
{Heap after GC invocations=42 (full 0):
 garbage-first heap   total 122880K, used 73268K [0x00000000c3200000, 0x0000000100000000)
  region size 1024K, 1 young (1024K), 1 survivors (1024K)
 Metaspace       used 31339K, committed 31680K, reserved 1114112K
  class space    used 3407K, committed 3584K, reserved 1048576K
}
Event: 288.995 GC heap before
{Heap before GC invocations=42 (full 0):
 garbage-first heap   total 122880K, used 116276K [0x00000000c3200000, 0x0000000100000000)
  region size 1024K, 24 young (24576K), 1 survivors (1024K)
 Metaspace       used 33769K, committed 34112K, reserved 1114112K
  class space    used 3735K, committed 3904K, reserved 1048576K
}
Event: 289.002 GC heap after
{Heap after GC invocations=43 (full 0):
 garbage-first heap   total 122880K, used 95033K [0x00000000c3200000, 0x0000000100000000)
  region size 1024K, 3 young (3072K), 3 survivors (3072K)
 Metaspace       used 33769K, committed 34112K, reserved 1114112K
  class space    used 3735K, committed 3904K, reserved 1048576K
}
Event: 289.004 GC heap before
{Heap before GC invocations=43 (full 0):
 garbage-first heap   total 122880K, used 95033K [0x00000000c3200000, 0x0000000100000000)
  region size 1024K, 4 young (4096K), 3 survivors (3072K)
 Metaspace       used 33770K, committed 34112K, reserved 1114112K
  class space    used 3735K, committed 3904K, reserved 1048576K
}
Event: 289.010 GC heap after
{Heap after GC invocations=44 (full 0):
 garbage-first heap   total 122880K, used 95319K [0x00000000c3200000, 0x0000000100000000)
  region size 1024K, 1 young (1024K), 1 survivors (1024K)
 Metaspace       used 33770K, committed 34112K, reserved 1114112K
  class space    used 3735K, committed 3904K, reserved 1048576K
}

