<?xml version="1.0" encoding="UTF-8" standalone="no"?><testsuite errors="0" failures="0" name="Admin Login" skipped="0" tests="10" time="10.14" timestamp="2023-12-20 11:18:33"><testcase name="As an admin I can login with valid credentials"/><testcase name="As an admin I can not login with invalid endpoint"/><testcase name="As an admin I can not login with invalid username"/><testcase name="As an admin I can not login with invalid password"/><testcase name="As an admin I can not login with empty username"/><testcase name="As an admin I can not login with empty password"/><testcase name="As an admin I can not login with integer password"/><testcase name="As an admin I can not login with get request"/><testcase name="As an admin I can not login with put request"/><testcase name="As an admin I can not login with delete request"/></testsuite>