<?xml version="1.0" encoding="UTF-8" standalone="no"?><testsuite errors="0" failures="0" name="Search User By Id" skipped="0" tests="4" time="0.42" timestamp="2023-12-21 10:46:56"><testcase name="As a user I can Search User By Id with valid credentials"/><testcase name="As a user I cannot Search User By Id with invalid Api Endpoint"/><testcase name="As a user I cannot Search User By Id with invalid token"/><testcase name="As a user I cannot Search User By Id with invalid credentials"/></testsuite>