<?xml version="1.0" encoding="UTF-8" standalone="no"?><testsuite errors="0" failures="0" name="Register Admin" skipped="0" tests="14" time="3.22" timestamp="2023-12-20 11:18:44"><testcase name="As an admin I can register with valid credentials"/><testcase name="As an admin I can not register with invalid endpoint"/><testcase name="As an admin I can not register with username of more than 16 characters"/><testcase name="As an admin I can not register with empty name"/><testcase name="As an admin I can not register with empty username"/><testcase name="As an admin I can not register with empty email"/><testcase name="As an admin I can not register with empty phone"/><testcase name="As an admin I can not register with empty password"/><testcase name="As an admin I can not register with integer password"/><testcase name="As an admin I can not register with registered email"/><testcase name="As an admin I can not register with registered username"/><testcase name="As an admin I can not register with get request"/><testcase name="As an admin I can not register with put request"/><testcase name="As an admin I can not register with delete request"/></testsuite>