<?xml version="1.0" encoding="UTF-8" standalone="no"?><testsuite errors="0" failures="0" name="Search News" skipped="0" tests="6" time="1.54" timestamp="2023-12-21 10:46:47"><testcase name="As an admin I cannot search news with invalid Api Endpoint"/><testcase name="As an admin I cannot search news with invalid token"/><testcase name="As an admin I cannot search news with invalid credentials"/><testcase name="As a user I cannot search news with invalid Api Endpoint"/><testcase name="As a user I cannot search news with invalid token"/><testcase name="As a user I cannot search news with invalid credentials"/></testsuite>