<?xml version="1.0" encoding="UTF-8" standalone="no"?><testsuite errors="0" failures="0" name="Reset Password" skipped="0" tests="6" time="0.73" timestamp="2023-12-21 10:46:55"><testcase name="As a user I can reset password with valid credentials"/><testcase name="As a user I cannot reset password with invalid API Endpoint"/><testcase name="As a user I cannot reset password with invalid request method"/><testcase name="As a user I cannot reset password with invalid token"/><testcase name="As a user I cannot reset password with invalid json data"/><testcase name="As a user I cannot reset password with invalid request credentials"/></testsuite>