<?xml version="1.0" encoding="UTF-8" standalone="no"?><testsuite errors="0" failures="0" name="Update User" skipped="0" tests="5" time="1.88" timestamp="2023-12-21 10:46:58"><testcase name="As a user I can update user with valid credentials"/><testcase name="As a user I cannot update user with invalid API Endpoint"/><testcase name="As a user I cannot update user with invalid request method"/><testcase name="As a user I cannot update user with invalid token"/><testcase name="As a user I cannot update user with invalid request credentials"/></testsuite>