<?xml version="1.0" encoding="UTF-8" standalone="no"?><testsuite errors="0" failures="2" name="Get Complaint By Id" skipped="0" tests="5" time="0.58" timestamp="2023-12-20 11:19:03"><testcase name="As a user I can get category by id with valid credentials"/><testcase name="As a user I can not get category by id with invalid endpoint"/><testcase name="As a user I can not get category by id without token"><failure message="1 expectation failed.&#10;Expected status code &lt;401&gt; but was &lt;200&gt;.&#10;" type="java.lang.AssertionError">1 expectation failed.
Expected status code &lt;401&gt; but was &lt;200&gt;.
</failure><system-err>1 expectation failed.
Expected status code &lt;401&gt; but was &lt;200&gt;.
&#13;
io.restassured.internal.ResponseSpecificationImpl.validateResponseIfRequired(ResponseSpecificationImpl.groovy:696)&#13;
io.restassured.internal.ResponseSpecificationImpl.this$2$validateResponseIfRequired(ResponseSpecificationImpl.groovy)&#13;
io.restassured.internal.ResponseSpecificationImpl.statusCode(ResponseSpecificationImpl.groovy:135)&#13;
io.restassured.internal.ResponseSpecificationImpl.statusCode(ResponseSpecificationImpl.groovy:143)&#13;
io.restassured.internal.ValidatableResponseOptionsImpl.statusCode(ValidatableResponseOptionsImpl.java:89)&#13;
starter.response.ResponseBody.receiveStatusCode401(ResponseBody.java:37)&#13;
starter.response.ResponseSteps.receiveStatusCode401(ResponseSteps.java:33)&#13;
io.cucumber.java.Invoker.doInvoke(Invoker.java:66)&#13;
io.cucumber.java.Invoker.invoke(Invoker.java:24)&#13;
io.cucumber.java.AbstractGlueDefinition.invokeMethod(AbstractGlueDefinition.java:47)&#13;
io.cucumber.java.JavaStepDefinition.execute(JavaStepDefinition.java:29)&#13;
io.cucumber.core.runner.CoreStepDefinition.execute(CoreStepDefinition.java:66)&#13;
io.cucumber.core.runner.PickleStepDefinitionMatch.runStep(PickleStepDefinitionMatch.java:63)&#13;
io.cucumber.core.runner.TestStep.executeStep(TestStep.java:84)&#13;
io.cucumber.core.runner.TestStep.run(TestStep.java:56)&#13;
io.cucumber.core.runner.PickleStepTestStep.run(PickleStepTestStep.java:51)&#13;
io.cucumber.core.runner.TestCase.run(TestCase.java:84)&#13;
io.cucumber.core.runner.Runner.runPickle(Runner.java:75)&#13;
io.cucumber.core.runtime.CucumberExecutionContext.lambda$runTestCase$5(CucumberExecutionContext.java:130)&#13;
io.cucumber.core.runtime.RethrowingThrowableCollector.executeAndThrow(RethrowingThrowableCollector.java:23)&#13;
io.cucumber.core.runtime.CucumberExecutionContext.runTestCase(CucumberExecutionContext.java:130)&#13;
io.cucumber.junit.FeatureRunner.runChild(FeatureRunner.java:144)&#13;
io.cucumber.junit.FeatureRunner.runChild(FeatureRunner.java:28)&#13;
io.cucumber.junit.FeatureRunner.run(FeatureRunner.java:137)&#13;
io.cucumber.junit.CucumberSerenityRunner.runChild(CucumberSerenityRunner.java:259)&#13;
io.cucumber.junit.CucumberSerenityRunner.runChild(CucumberSerenityRunner.java:59)&#13;
</system-err></testcase><testcase name="As a user I can get complaint by id with valid credentials"><failure message="1 expectation failed.&#10;Response body doesn't match expectation.&#10;Expected: The content to match the given JSON schema.&#10;error: instance value (&quot;PROCESS&quot;) not found in enum (possible values: [&quot;SEND&quot;,&quot;Selesai&quot;,&quot;Diproses&quot;])&#10;    level: &quot;error&quot;&#10;    schema: {&quot;loadingURI&quot;:&quot;#&quot;,&quot;pointer&quot;:&quot;/definitions/Status&quot;}&#10;    instance: {&quot;pointer&quot;:&quot;/results/1/status&quot;}&#10;    domain: &quot;validation&quot;&#10;    keyword: &quot;enum&quot;&#10;    value: &quot;PROCESS&quot;&#10;    enum: [&quot;SEND&quot;,&quot;Selesai&quot;,&quot;Diproses&quot;]&#10;&#10;  Actual: {&quot;meta&quot;:{&quot;success&quot;:true,&quot;message&quot;:&quot;Successfully Get Complaint Data&quot;,&quot;page&quot;:1,&quot;limit&quot;:10,&quot;total&quot;:97},&quot;results&quot;:[{&quot;id&quot;:&quot;rPaPwh&quot;,&quot;userId&quot;:&quot;VQ0fXT&quot;,&quot;name&quot;:&quot;ara&quot;,&quot;photoImage&quot;:&quot;&quot;,&quot;category&quot;:&quot;Lalu Lintas&quot;,&quot;title&quot;:&quot;lingkungan&quot;,&quot;content&quot;:&quot;sudah sejak 2 minggu terkahir polusi udara di lingkungan sekitar Bekasi kian memburuk.&quot;,&quot;address&quot;:&quot;&quot;,&quot;status&quot;:&quot;SEND&quot;,&quot;imageUrl&quot;:&quot;tpwgmbjbtonikkvbfolm.jpg&quot;,&quot;createdAt&quot;:&quot;2023-12-20T16:19:02.562Z&quot;,&quot;updateAt&quot;:&quot;&quot;,&quot;comment&quot;:null},{&quot;id&quot;:&quot;9Knj3R&quot;,&quot;userId&quot;:&quot;A6fbac&quot;,&quot;name&quot;:&quot;Innaka Dylee&quot;,&quot;photoImage&quot;:&quot;&quot;,&quot;category&quot;:&quot;Lalu Lintas&quot;,&quot;title&quot;:&quot;Kemacetan&quot;,&quot;content&quot;:&quot;Macet sejauh 5km&quot;,&quot;address&quot;:&quot;Jl. Pahlawan&quot;,&quot;status&quot;:&quot;PROCESS&quot;,&quot;imageUrl&quot;:&quot;c4pr0dwtyi46rrulk6hb.jpg&quot;,&quot;createdAt&quot;:&quot;2023-12-20T16:10:35.036Z&quot;,&quot;updateAt&quot;:&quot;&quot;,&quot;comment&quot;:null},{&quot;id&quot;:&quot;iswaSg&quot;,&quot;userId&quot;:&quot;A6fbac&quot;,&quot;name&quot;:&quot;Innaka Dylee&quot;,&quot;photoImage&quot;:&quot;&quot;,&quot;category&quot;:&quot;Lalu Lintas&quot;,&quot;title&quot;:&quot;Kemacetan&quot;,&quot;content&quot;:&quot;Macet sejauh 5km&quot;,&quot;address&quot;:&quot;Jl. Pahlawan&quot;,&quot;status&quot;:&quot;PROCESS&quot;,&quot;imageUrl&quot;:&quot;u4iwmtinyvogutq05sea.jpg&quot;,&quot;createdAt&quot;:&quot;2023-12-20T16:10:33.055Z&quot;,&quot;updateAt&quot;:&quot;&quot;,&quot;comment&quot;:null},{&quot;id&quot;:&quot;BtzrlZ&quot;,&quot;userId&quot;:&quot;A6fbac&quot;,&quot;name&quot;:&quot;Innaka Dylee&quot;,&quot;photoImage&quot;:&quot;&quot;,&quot;category&quot;:&quot;Lalu Lintas&quot;,&quot;title&quot;:&quot;Kemacetan&quot;,&quot;content&quot;:&quot;Macet sejauh 5km&quot;,&quot;address&quot;:&quot;Jl. Pahlawan&quot;,&quot;status&quot;:&quot;SEND&quot;,&quot;imageUrl&quot;:&quot;sgtucpouvuh3itppimpp.jpg&quot;,&quot;createdAt&quot;:&quot;2023-12-20T16:10:31.45Z&quot;,&quot;updateAt&quot;:&quot;&quot;,&quot;comment&quot;:null},{&quot;id&quot;:&quot;V0ChXf&quot;,&quot;userId&quot;:&quot;A6fbac&quot;,&quot;name&quot;:&quot;Innaka Dylee&quot;,&quot;photoImage&quot;:&quot;&quot;,&quot;category&quot;:&quot;Lalu Lintas&quot;,&quot;title&quot;:&quot;Kemacetan&quot;,&quot;content&quot;:&quot;Macet sejauh 5km&quot;,&quot;address&quot;:&quot;Jl. Pahlawan&quot;,&quot;status&quot;:&quot;SEND&quot;,&quot;imageUrl&quot;:&quot;joc4nbirtkxclk02x3d9.jpg&quot;,&quot;createdAt&quot;:&quot;2023-12-20T16:10:29.561Z&quot;,&quot;updateAt&quot;:&quot;&quot;,&quot;comment&quot;:null},{&quot;id&quot;:&quot;kThArb&quot;,&quot;userId&quot;:&quot;A6fbac&quot;,&quot;name&quot;:&quot;Innaka Dylee&quot;,&quot;photoImage&quot;:&quot;&quot;,&quot;category&quot;:&quot;Lalu Lintas&quot;,&quot;title&quot;:&quot;Kemacetan&quot;,&quot;content&quot;:&quot;Macet sejauh 5km&quot;,&quot;address&quot;:&quot;Jl. Pahlawan&quot;,&quot;status&quot;:&quot;SEND&quot;,&quot;imageUrl&quot;:&quot;vktpdaca3opyuq6mn6qc.jpg&quot;,&quot;createdAt&quot;:&quot;2023-12-20T16:09:07.9Z&quot;,&quot;updateAt&quot;:&quot;&quot;,&quot;comment&quot;:null},{&quot;id&quot;:&quot;AgMbdi&quot;,&quot;userId&quot;:&quot;A6fbac&quot;,&quot;name&quot;:&quot;Innaka Dylee&quot;,&quot;photoImage&quot;:&quot;&quot;,&quot;category&quot;:&quot;Fasilitas Umum&quot;,&quot;title&quot;:&quot;Kemacetan&quot;,&quot;content&quot;:&quot;Macet sejauh 5km&quot;,&quot;address&quot;:&quot;Jl. Pahlawan&quot;,&quot;status&quot;:&quot;SEND&quot;,&quot;imageUrl&quot;:&quot;grbdginla7mmqonvnnbh.jpg&quot;,&quot;createdAt&quot;:&quot;2023-12-20T16:08:32.784Z&quot;,&quot;updateAt&quot;:&quot;&quot;,&quot;comment&quot;:null},{&quot;id&quot;:&quot;z3oSfi&quot;,&quot;userId&quot;:&quot;VQ0fXT&quot;,&quot;name&quot;:&quot;ara&quot;,&quot;photoImage&quot;:&quot;&quot;,&quot;category&quot;:&quot;Lalu Lintas&quot;,&quot;title&quot;:&quot;lingkungan&quot;,&quot;content&quot;:&quot;sudah sejak 2 minggu terkahir polusi udara di lingkungan sekitar Bekasi kian memburuk.&quot;,&quot;address&quot;:&quot;&quot;,&quot;status&quot;:&quot;SEND&quot;,&quot;imageUrl&quot;:&quot;qeetdhzzqvxec86pxfmb.jpg&quot;,&quot;createdAt&quot;:&quot;2023-12-20T16:02:03.985Z&quot;,&quot;updateAt&quot;:&quot;&quot;,&quot;comment&quot;:null},{&quot;id&quot;:&quot;PjuARF&quot;,&quot;userId&quot;:&quot;VQ0fXT&quot;,&quot;name&quot;:&quot;ara&quot;,&quot;photoImage&quot;:&quot;&quot;,&quot;category&quot;:&quot;Lalu Lintas&quot;,&quot;title&quot;:&quot;lingkungan&quot;,&quot;content&quot;:&quot;sudah sejak 2 minggu terkahir polusi udara di lingkungan sekitar Bekasi kian memburuk.&quot;,&quot;address&quot;:&quot;&quot;,&quot;status&quot;:&quot;SEND&quot;,&quot;imageUrl&quot;:&quot;uid5gjlxbzwyt3wgyuox.jpg&quot;,&quot;createdAt&quot;:&quot;2023-12-20T15:55:33.956Z&quot;,&quot;updateAt&quot;:&quot;&quot;,&quot;comment&quot;:null},{&quot;id&quot;:&quot;tWI9Jt&quot;,&quot;userId&quot;:&quot;A6fbac&quot;,&quot;name&quot;:&quot;Innaka Dylee&quot;,&quot;photoImage&quot;:&quot;&quot;,&quot;category&quot;:&quot;Fasilitas Umum&quot;,&quot;title&quot;:&quot;Kemacetan&quot;,&quot;content&quot;:&quot;Macet sejauh 5km&quot;,&quot;address&quot;:&quot;Jl. Pahlawan&quot;,&quot;status&quot;:&quot;SEND&quot;,&quot;imageUrl&quot;:&quot;psculp3rcsb3duajmtkb.jpg&quot;,&quot;createdAt&quot;:&quot;2023-12-20T15:52:12.979Z&quot;,&quot;updateAt&quot;:&quot;&quot;,&quot;comment&quot;:null}]}&#10;&#10;" type="java.lang.AssertionError">1 expectation failed.
Response body doesn't match expectation.
Expected: The content to match the given JSON schema.
error: instance value ("PROCESS") not found in enum (possible values: ["SEND","Selesai","Diproses"])
    level: "error"
    schema: {"loadingURI":"#","pointer":"/definitions/Status"}
    instance: {"pointer":"/results/1/status"}
    domain: "validation"
    keyword: "enum"
    value: "PROCESS"
    enum: ["SEND","Selesai","Diproses"]

  Actual: {"meta":{"success":true,"message":"Successfully Get Complaint Data","page":1,"limit":10,"total":97},"results":[{"id":"rPaPwh","userId":"VQ0fXT","name":"ara","photoImage":"","category":"Lalu Lintas","title":"lingkungan","content":"sudah sejak 2 minggu terkahir polusi udara di lingkungan sekitar Bekasi kian memburuk.","address":"","status":"SEND","imageUrl":"tpwgmbjbtonikkvbfolm.jpg","createdAt":"2023-12-20T16:19:02.562Z","updateAt":"","comment":null},{"id":"9Knj3R","userId":"A6fbac","name":"Innaka Dylee","photoImage":"","category":"Lalu Lintas","title":"Kemacetan","content":"Macet sejauh 5km","address":"Jl. Pahlawan","status":"PROCESS","imageUrl":"c4pr0dwtyi46rrulk6hb.jpg","createdAt":"2023-12-20T16:10:35.036Z","updateAt":"","comment":null},{"id":"iswaSg","userId":"A6fbac","name":"Innaka Dylee","photoImage":"","category":"Lalu Lintas","title":"Kemacetan","content":"Macet sejauh 5km","address":"Jl. Pahlawan","status":"PROCESS","imageUrl":"u4iwmtinyvogutq05sea.jpg","createdAt":"2023-12-20T16:10:33.055Z","updateAt":"","comment":null},{"id":"BtzrlZ","userId":"A6fbac","name":"Innaka Dylee","photoImage":"","category":"Lalu Lintas","title":"Kemacetan","content":"Macet sejauh 5km","address":"Jl. Pahlawan","status":"SEND","imageUrl":"sgtucpouvuh3itppimpp.jpg","createdAt":"2023-12-20T16:10:31.45Z","updateAt":"","comment":null},{"id":"V0ChXf","userId":"A6fbac","name":"Innaka Dylee","photoImage":"","category":"Lalu Lintas","title":"Kemacetan","content":"Macet sejauh 5km","address":"Jl. Pahlawan","status":"SEND","imageUrl":"joc4nbirtkxclk02x3d9.jpg","createdAt":"2023-12-20T16:10:29.561Z","updateAt":"","comment":null},{"id":"kThArb","userId":"A6fbac","name":"Innaka Dylee","photoImage":"","category":"Lalu Lintas","title":"Kemacetan","content":"Macet sejauh 5km","address":"Jl. Pahlawan","status":"SEND","imageUrl":"vktpdaca3opyuq6mn6qc.jpg","createdAt":"2023-12-20T16:09:07.9Z","updateAt":"","comment":null},{"id":"AgMbdi","userId":"A6fbac","name":"Innaka Dylee","photoImage":"","category":"Fasilitas Umum","title":"Kemacetan","content":"Macet sejauh 5km","address":"Jl. Pahlawan","status":"SEND","imageUrl":"grbdginla7mmqonvnnbh.jpg","createdAt":"2023-12-20T16:08:32.784Z","updateAt":"","comment":null},{"id":"z3oSfi","userId":"VQ0fXT","name":"ara","photoImage":"","category":"Lalu Lintas","title":"lingkungan","content":"sudah sejak 2 minggu terkahir polusi udara di lingkungan sekitar Bekasi kian memburuk.","address":"","status":"SEND","imageUrl":"qeetdhzzqvxec86pxfmb.jpg","createdAt":"2023-12-20T16:02:03.985Z","updateAt":"","comment":null},{"id":"PjuARF","userId":"VQ0fXT","name":"ara","photoImage":"","category":"Lalu Lintas","title":"lingkungan","content":"sudah sejak 2 minggu terkahir polusi udara di lingkungan sekitar Bekasi kian memburuk.","address":"","status":"SEND","imageUrl":"uid5gjlxbzwyt3wgyuox.jpg","createdAt":"2023-12-20T15:55:33.956Z","updateAt":"","comment":null},{"id":"tWI9Jt","userId":"A6fbac","name":"Innaka Dylee","photoImage":"","category":"Fasilitas Umum","title":"Kemacetan","content":"Macet sejauh 5km","address":"Jl. Pahlawan","status":"SEND","imageUrl":"psculp3rcsb3duajmtkb.jpg","createdAt":"2023-12-20T15:52:12.979Z","updateAt":"","comment":null}]}

</failure><system-err>1 expectation failed.
Response body doesn't match expectation.
Expected: The content to match the given JSON schema.
error: instance value ("PROCESS") not found in enum (possible values: ["SEND","Selesai","Diproses"])
    level: "error"
    schema: {"loadingURI":"#","pointer":"/definitions/Status"}
    instance: {"pointer":"/results/1/status"}
    domain: "validation"
    keyword: "enum"
    value: "PROCESS"
    enum: ["SEND","Selesai","Diproses"]

  Actual: {"meta":{"success":true,"message":"Successfully Get Complaint Data","page":1,"limit":10,"total":97},"results":[{"id":"rPaPwh","userId":"VQ0fXT","name":"ara","photoImage":"","category":"Lalu Lintas","title":"lingkungan","content":"sudah sejak 2 minggu terkahir polusi udara di lingkungan sekitar Bekasi kian memburuk.","address":"","status":"SEND","imageUrl":"tpwgmbjbtonikkvbfolm.jpg","createdAt":"2023-12-20T16:19:02.562Z","updateAt":"","comment":null},{"id":"9Knj3R","userId":"A6fbac","name":"Innaka Dylee","photoImage":"","category":"Lalu Lintas","title":"Kemacetan","content":"Macet sejauh 5km","address":"Jl. Pahlawan","status":"PROCESS","imageUrl":"c4pr0dwtyi46rrulk6hb.jpg","createdAt":"2023-12-20T16:10:35.036Z","updateAt":"","comment":null},{"id":"iswaSg","userId":"A6fbac","name":"Innaka Dylee","photoImage":"","category":"Lalu Lintas","title":"Kemacetan","content":"Macet sejauh 5km","address":"Jl. Pahlawan","status":"PROCESS","imageUrl":"u4iwmtinyvogutq05sea.jpg","createdAt":"2023-12-20T16:10:33.055Z","updateAt":"","comment":null},{"id":"BtzrlZ","userId":"A6fbac","name":"Innaka Dylee","photoImage":"","category":"Lalu Lintas","title":"Kemacetan","content":"Macet sejauh 5km","address":"Jl. Pahlawan","status":"SEND","imageUrl":"sgtucpouvuh3itppimpp.jpg","createdAt":"2023-12-20T16:10:31.45Z","updateAt":"","comment":null},{"id":"V0ChXf","userId":"A6fbac","name":"Innaka Dylee","photoImage":"","category":"Lalu Lintas","title":"Kemacetan","content":"Macet sejauh 5km","address":"Jl. Pahlawan","status":"SEND","imageUrl":"joc4nbirtkxclk02x3d9.jpg","createdAt":"2023-12-20T16:10:29.561Z","updateAt":"","comment":null},{"id":"kThArb","userId":"A6fbac","name":"Innaka Dylee","photoImage":"","category":"Lalu Lintas","title":"Kemacetan","content":"Macet sejauh 5km","address":"Jl. Pahlawan","status":"SEND","imageUrl":"vktpdaca3opyuq6mn6qc.jpg","createdAt":"2023-12-20T16:09:07.9Z","updateAt":"","comment":null},{"id":"AgMbdi","userId":"A6fbac","name":"Innaka Dylee","photoImage":"","category":"Fasilitas Umum","title":"Kemacetan","content":"Macet sejauh 5km","address":"Jl. Pahlawan","status":"SEND","imageUrl":"grbdginla7mmqonvnnbh.jpg","createdAt":"2023-12-20T16:08:32.784Z","updateAt":"","comment":null},{"id":"z3oSfi","userId":"VQ0fXT","name":"ara","photoImage":"","category":"Lalu Lintas","title":"lingkungan","content":"sudah sejak 2 minggu terkahir polusi udara di lingkungan sekitar Bekasi kian memburuk.","address":"","status":"SEND","imageUrl":"qeetdhzzqvxec86pxfmb.jpg","createdAt":"2023-12-20T16:02:03.985Z","updateAt":"","comment":null},{"id":"PjuARF","userId":"VQ0fXT","name":"ara","photoImage":"","category":"Lalu Lintas","title":"lingkungan","content":"sudah sejak 2 minggu terkahir polusi udara di lingkungan sekitar Bekasi kian memburuk.","address":"","status":"SEND","imageUrl":"uid5gjlxbzwyt3wgyuox.jpg","createdAt":"2023-12-20T15:55:33.956Z","updateAt":"","comment":null},{"id":"tWI9Jt","userId":"A6fbac","name":"Innaka Dylee","photoImage":"","category":"Fasilitas Umum","title":"Kemacetan","content":"Macet sejauh 5km","address":"Jl. Pahlawan","status":"SEND","imageUrl":"psculp3rcsb3duajmtkb.jpg","createdAt":"2023-12-20T15:52:12.979Z","updateAt":"","comment":null}]}

&#13;
io.restassured.internal.ResponseSpecificationImpl.validateResponseIfRequired(ResponseSpecificationImpl.groovy:696)&#13;
io.restassured.internal.ResponseSpecificationImpl.this$2$validateResponseIfRequired(ResponseSpecificationImpl.groovy)&#13;
io.restassured.internal.ResponseSpecificationImpl.body(ResponseSpecificationImpl.groovy:107)&#13;
io.restassured.internal.ValidatableResponseOptionsImpl.body(ValidatableResponseOptionsImpl.java:238)&#13;
starter.gocat.user.complaint.GetComplaintById.lambda$receiveDetailComplaint$0(GetComplaintById.java:73)&#13;
net.serenitybdd.rest.SerenityRest.restAssuredThat(SerenityRest.java:626)&#13;
starter.gocat.user.complaint.GetComplaintById.receiveDetailComplaint(GetComplaintById.java:73)&#13;
starter.stepdefinitions.user.complaint.GetComplaintByIdSteps.receiveDetailComplaint(GetComplaintByIdSteps.java:25)&#13;
io.cucumber.java.Invoker.doInvoke(Invoker.java:66)&#13;
io.cucumber.java.Invoker.invoke(Invoker.java:24)&#13;
io.cucumber.java.AbstractGlueDefinition.invokeMethod(AbstractGlueDefinition.java:47)&#13;
io.cucumber.java.JavaStepDefinition.execute(JavaStepDefinition.java:29)&#13;
io.cucumber.core.runner.CoreStepDefinition.execute(CoreStepDefinition.java:66)&#13;
io.cucumber.core.runner.PickleStepDefinitionMatch.runStep(PickleStepDefinitionMatch.java:63)&#13;
io.cucumber.core.runner.TestStep.executeStep(TestStep.java:84)&#13;
io.cucumber.core.runner.TestStep.run(TestStep.java:56)&#13;
io.cucumber.core.runner.PickleStepTestStep.run(PickleStepTestStep.java:51)&#13;
io.cucumber.core.runner.TestCase.run(TestCase.java:84)&#13;
io.cucumber.core.runner.Runner.runPickle(Runner.java:75)&#13;
io.cucumber.core.runtime.CucumberExecutionContext.lambda$runTestCase$5(CucumberExecutionContext.java:130)&#13;
io.cucumber.core.runtime.RethrowingThrowableCollector.executeAndThrow(RethrowingThrowableCollector.java:23)&#13;
io.cucumber.core.runtime.CucumberExecutionContext.runTestCase(CucumberExecutionContext.java:130)&#13;
io.cucumber.junit.FeatureRunner.runChild(FeatureRunner.java:144)&#13;
io.cucumber.junit.FeatureRunner.runChild(FeatureRunner.java:28)&#13;
io.cucumber.junit.FeatureRunner.run(FeatureRunner.java:137)&#13;
io.cucumber.junit.CucumberSerenityRunner.runChild(CucumberSerenityRunner.java:259)&#13;
io.cucumber.junit.CucumberSerenityRunner.runChild(CucumberSerenityRunner.java:59)&#13;
</system-err></testcase><testcase name="As a user I can not get complaint by id with invalid endpoint"/></testsuite>