<?xml version="1.0" encoding="UTF-8" standalone="no"?><testsuite errors="0" failures="0" name="Search Admin By Id" skipped="0" tests="4" time="0.59" timestamp="2023-12-20 11:18:49"><testcase name="As an admin I can search admin by id with valid credentials"/><testcase name="As an admin I can not search admin by id with invalid endpoint"/><testcase name="As an admin I can not search admin by id without login"/><testcase name="As an admin I can not search admin with query params id&amp;name"/></testsuite>