<?xml version="1.0" encoding="UTF-8" standalone="no"?><testsuite errors="0" failures="0" name="User Login" skipped="0" tests="7" time="0.72" timestamp="2023-12-20 11:19:01"><testcase name="As a user I can login with valid credentials"/><testcase name="As a user I can not login with unregistered username"/><testcase name="As a user I can not login with integer password"/><testcase name="As a user I can not login with empty username"/><testcase name="As a user I can not login with empty password"/><testcase name="As a user I can not login with get request"/><testcase name="As a user I can not login with put request"/></testsuite>