<?xml version="1.0" encoding="UTF-8" standalone="no"?><testsuite errors="0" failures="0" name="Search User By Name" skipped="0" tests="4" time="0.44" timestamp="2023-12-21 10:46:56"><testcase name="As a user I can Search User By Name with valid credentials"/><testcase name="As a user I cannot Search User By Name with invalid Api Endpoint"/><testcase name="As a user I cannot Search User By Name with invalid token"/><testcase name="As a user I cannot Search User By Name with invalid credentials"/></testsuite>