<?xml version="1.0" encoding="UTF-8" standalone="no"?><testsuite errors="0" failures="0" name="Update News" skipped="0" tests="6" time="0.77" timestamp="2023-12-21 10:46:47"><testcase name="As an admin I can update news with valid credentials"/><testcase name="As an admin I cannot update news with invalid API Endpoint"/><testcase name="As an admin i cannot update news with invalid request"/><testcase name="As an admin i cannot update news with invalid json data"/><testcase name="As an admin i cannot update news with invalid token"/><testcase name="As an admin i cannot update news with invalid credentials"/></testsuite>