<?xml version="1.0" encoding="UTF-8" standalone="no"?><testsuite errors="0" failures="0" name="Get All News" skipped="0" tests="8" time="2.1" timestamp="2023-12-21 10:46:45"><testcase name="As an admin I can get all news with valid credentials"/><testcase name="As an admin I cannot get all news with invalid Api Endpoint"/><testcase name="As an admin I cannot get all news with invalid token"/><testcase name="As an admin I cannot get all news with invalid credentials"/><testcase name="As a user I can get all news with valid credentials"/><testcase name="As a user I cannot get all news with invalid Api Endpoint"/><testcase name="As a user I cannot get all news with invalid token"/><testcase name="As a user I cannot get all news with invalid credentials"/></testsuite>