<?xml version="1.0" encoding="UTF-8" standalone="no"?><testsuite errors="0" failures="0" name="Reset Password Admin" skipped="0" tests="5" time="0.73" timestamp="2023-12-21 10:46:38"><testcase name="As an admin I can reset password with valid credentials"/><testcase name="As an admin I can not reset password with empty new password"/><testcase name="As an admin I can not reset password with empty confirm password"/><testcase name="As an admin I can not reset password with empty invalid password"/><testcase name="As an admin I can not reset password without login"/></testsuite>