<?xml version="1.0" encoding="UTF-8" standalone="no"?><testsuite errors="0" failures="0" name="Register" skipped="0" tests="11" time="1.92" timestamp="2023-12-21 10:47:02"><testcase name="As a user I can register with valid credentials"/><testcase name="As a user I cannot register with invalid email"/><testcase name="As a user I cannot register with invalid endpoint"/><testcase name="As a user I cannot register with invalid name"/><testcase name="As a user I cannot register with invalid username"/><testcase name="As a user I cannot register with empty email"/><testcase name="As a user I cannot register with invalid number phone"/><testcase name="As a user I cannot register with invalid password"/><testcase name="As a user I cannot register with invalid json data"/><testcase name="As a user I cannot register with registered email"/><testcase name="As a user I cannot register with invalid credentials"/></testsuite>