<?xml version="1.0" encoding="UTF-8" standalone="no"?><testsuite errors="0" failures="0" name="Create Complaint" skipped="0" tests="7" time="7.74" timestamp="2023-12-18 02:56:20"><testcase name="As a user I can create complaint with valid credentials"/><testcase name="As a user I can not create complaint with invalid endpoint"/><testcase name="As a user I can not create complaint without invalid ID"/><testcase name="As a user I can not create complaint without title"/><testcase name="As a user I can not create complaint without content"/><testcase name="As a user I can not create complaint without attachment"/><testcase name="As a user I can not create complaint without login"/></testsuite>