<?xml version="1.0" encoding="UTF-8" standalone="no"?><testsuite errors="0" failures="1" name="Get All User" skipped="0" tests="4" time="0.53" timestamp="2023-12-20 11:19:01"><testcase name="As a user I can get all user with valid credentials"><failure message="1 expectation failed.&#10;Response body doesn't match expectation.&#10;Expected: The content to match the given JSON schema.&#10;error: instance value (&quot;gttfz27zbu6rtuulbeen.jpg&quot;) not found in enum (possible values: [&quot;&quot;,&quot;e8p1hohxztf8hdramtgv.png&quot;])&#10;    level: &quot;error&quot;&#10;    schema: {&quot;loadingURI&quot;:&quot;#&quot;,&quot;pointer&quot;:&quot;/definitions/ImageURL&quot;}&#10;    instance: {&quot;pointer&quot;:&quot;/results/0/imageUrl&quot;}&#10;    domain: &quot;validation&quot;&#10;    keyword: &quot;enum&quot;&#10;    value: &quot;gttfz27zbu6rtuulbeen.jpg&quot;&#10;    enum: [&quot;&quot;,&quot;e8p1hohxztf8hdramtgv.png&quot;]&#10;&#10;  Actual: {&quot;meta&quot;:{&quot;success&quot;:true,&quot;message&quot;:&quot;Successfully Get User Data&quot;,&quot;page&quot;:1,&quot;limit&quot;:10,&quot;total&quot;:63},&quot;results&quot;:[{&quot;id&quot;:&quot;A6fbac&quot;,&quot;name&quot;:&quot;Innaka Dylee&quot;,&quot;username&quot;:&quot;innaka321&quot;,&quot;email&quot;:&quot;innakadylee@upi.edu&quot;,&quot;phone&quot;:&quot;12345678910&quot;,&quot;imageUrl&quot;:&quot;gttfz27zbu6rtuulbeen.jpg&quot;},{&quot;id&quot;:&quot;ElIico&quot;,&quot;name&quot;:&quot;user1&quot;,&quot;username&quot;:&quot;username1&quot;,&quot;email&quot;:&quot;useremail1@gmail.com&quot;,&quot;phone&quot;:&quot;12345678910&quot;,&quot;imageUrl&quot;:&quot;&quot;},{&quot;id&quot;:&quot;I5E34D&quot;,&quot;name&quot;:&quot;user12&quot;,&quot;username&quot;:&quot;user12&quot;,&quot;email&quot;:&quot;user12@gmail.com&quot;,&quot;phone&quot;:&quot;08123456789&quot;,&quot;imageUrl&quot;:&quot;&quot;},{&quot;id&quot;:&quot;yADBXw&quot;,&quot;name&quot;:&quot;demo&quot;,&quot;username&quot;:&quot;demo123&quot;,&quot;email&quot;:&quot;demo@gmail.com&quot;,&quot;phone&quot;:&quot;0812345678&quot;,&quot;imageUrl&quot;:&quot;&quot;},{&quot;id&quot;:&quot;kRBxID&quot;,&quot;name&quot;:&quot;Mala&quot;,&quot;username&quot;:&quot;nurmalaa&quot;,&quot;email&quot;:&quot;nurmalasrr@gmail.com&quot;,&quot;phone&quot;:&quot;081274567780&quot;,&quot;imageUrl&quot;:&quot;&quot;},{&quot;id&quot;:&quot;yCZzQU&quot;,&quot;name&quot;:&quot;Mala&quot;,&quot;username&quot;:&quot;nurmalasr&quot;,&quot;email&quot;:&quot;nurmalasr@gmail.com&quot;,&quot;phone&quot;:&quot;081274567789&quot;,&quot;imageUrl&quot;:&quot;&quot;},{&quot;id&quot;:&quot;DO5pbg&quot;,&quot;name&quot;:&quot;Naufal&quot;,&quot;username&quot;:&quot;Lakeesha Moore&quot;,&quot;email&quot;:&quot;beckie.mitchell@gmail.com&quot;,&quot;phone&quot;:&quot;081234567890&quot;,&quot;imageUrl&quot;:&quot;&quot;},{&quot;id&quot;:&quot;h9rTtn&quot;,&quot;name&quot;:&quot;Naufal&quot;,&quot;username&quot;:&quot;Ola Gislason&quot;,&quot;email&quot;:&quot;nina.steuber@gmail.com&quot;,&quot;phone&quot;:&quot;081234567890&quot;,&quot;imageUrl&quot;:&quot;&quot;},{&quot;id&quot;:&quot;tidxkp&quot;,&quot;name&quot;:&quot;Naufal&quot;,&quot;username&quot;:&quot;Mr. Miriam Rath&quot;,&quot;email&quot;:&quot;kimbra.larson@gmail.com&quot;,&quot;phone&quot;:&quot;081234567890&quot;,&quot;imageUrl&quot;:&quot;&quot;},{&quot;id&quot;:&quot;wfYEMQ&quot;,&quot;name&quot;:&quot;Naufal&quot;,&quot;username&quot;:&quot;Shaunta Hoppe&quot;,&quot;email&quot;:&quot;karen.hirthe@gmail.com&quot;,&quot;phone&quot;:&quot;081234567890&quot;,&quot;imageUrl&quot;:&quot;&quot;}]}&#10;&#10;" type="java.lang.AssertionError">1 expectation failed.
Response body doesn't match expectation.
Expected: The content to match the given JSON schema.
error: instance value ("gttfz27zbu6rtuulbeen.jpg") not found in enum (possible values: ["","e8p1hohxztf8hdramtgv.png"])
    level: "error"
    schema: {"loadingURI":"#","pointer":"/definitions/ImageURL"}
    instance: {"pointer":"/results/0/imageUrl"}
    domain: "validation"
    keyword: "enum"
    value: "gttfz27zbu6rtuulbeen.jpg"
    enum: ["","e8p1hohxztf8hdramtgv.png"]

  Actual: {"meta":{"success":true,"message":"Successfully Get User Data","page":1,"limit":10,"total":63},"results":[{"id":"A6fbac","name":"Innaka Dylee","username":"innaka321","email":"innakadylee@upi.edu","phone":"12345678910","imageUrl":"gttfz27zbu6rtuulbeen.jpg"},{"id":"ElIico","name":"user1","username":"username1","email":"useremail1@gmail.com","phone":"12345678910","imageUrl":""},{"id":"I5E34D","name":"user12","username":"user12","email":"user12@gmail.com","phone":"08123456789","imageUrl":""},{"id":"yADBXw","name":"demo","username":"demo123","email":"demo@gmail.com","phone":"0812345678","imageUrl":""},{"id":"kRBxID","name":"Mala","username":"nurmalaa","email":"nurmalasrr@gmail.com","phone":"081274567780","imageUrl":""},{"id":"yCZzQU","name":"Mala","username":"nurmalasr","email":"nurmalasr@gmail.com","phone":"081274567789","imageUrl":""},{"id":"DO5pbg","name":"Naufal","username":"Lakeesha Moore","email":"beckie.mitchell@gmail.com","phone":"081234567890","imageUrl":""},{"id":"h9rTtn","name":"Naufal","username":"Ola Gislason","email":"nina.steuber@gmail.com","phone":"081234567890","imageUrl":""},{"id":"tidxkp","name":"Naufal","username":"Mr. Miriam Rath","email":"kimbra.larson@gmail.com","phone":"081234567890","imageUrl":""},{"id":"wfYEMQ","name":"Naufal","username":"Shaunta Hoppe","email":"karen.hirthe@gmail.com","phone":"081234567890","imageUrl":""}]}

</failure><system-err>1 expectation failed.
Response body doesn't match expectation.
Expected: The content to match the given JSON schema.
error: instance value ("gttfz27zbu6rtuulbeen.jpg") not found in enum (possible values: ["","e8p1hohxztf8hdramtgv.png"])
    level: "error"
    schema: {"loadingURI":"#","pointer":"/definitions/ImageURL"}
    instance: {"pointer":"/results/0/imageUrl"}
    domain: "validation"
    keyword: "enum"
    value: "gttfz27zbu6rtuulbeen.jpg"
    enum: ["","e8p1hohxztf8hdramtgv.png"]

  Actual: {"meta":{"success":true,"message":"Successfully Get User Data","page":1,"limit":10,"total":63},"results":[{"id":"A6fbac","name":"Innaka Dylee","username":"innaka321","email":"innakadylee@upi.edu","phone":"12345678910","imageUrl":"gttfz27zbu6rtuulbeen.jpg"},{"id":"ElIico","name":"user1","username":"username1","email":"useremail1@gmail.com","phone":"12345678910","imageUrl":""},{"id":"I5E34D","name":"user12","username":"user12","email":"user12@gmail.com","phone":"08123456789","imageUrl":""},{"id":"yADBXw","name":"demo","username":"demo123","email":"demo@gmail.com","phone":"0812345678","imageUrl":""},{"id":"kRBxID","name":"Mala","username":"nurmalaa","email":"nurmalasrr@gmail.com","phone":"081274567780","imageUrl":""},{"id":"yCZzQU","name":"Mala","username":"nurmalasr","email":"nurmalasr@gmail.com","phone":"081274567789","imageUrl":""},{"id":"DO5pbg","name":"Naufal","username":"Lakeesha Moore","email":"beckie.mitchell@gmail.com","phone":"081234567890","imageUrl":""},{"id":"h9rTtn","name":"Naufal","username":"Ola Gislason","email":"nina.steuber@gmail.com","phone":"081234567890","imageUrl":""},{"id":"tidxkp","name":"Naufal","username":"Mr. Miriam Rath","email":"kimbra.larson@gmail.com","phone":"081234567890","imageUrl":""},{"id":"wfYEMQ","name":"Naufal","username":"Shaunta Hoppe","email":"karen.hirthe@gmail.com","phone":"081234567890","imageUrl":""}]}

&#13;
io.restassured.internal.ResponseSpecificationImpl.validateResponseIfRequired(ResponseSpecificationImpl.groovy:696)&#13;
io.restassured.internal.ResponseSpecificationImpl.this$2$validateResponseIfRequired(ResponseSpecificationImpl.groovy)&#13;
io.restassured.internal.ResponseSpecificationImpl.body(ResponseSpecificationImpl.groovy:107)&#13;
io.restassured.internal.ValidatableResponseOptionsImpl.body(ValidatableResponseOptionsImpl.java:238)&#13;
starter.gocat.user.auth.GetAllUser.lambda$receiveListOfUser$2(GetAllUser.java:91)&#13;
net.serenitybdd.rest.SerenityRest.restAssuredThat(SerenityRest.java:626)&#13;
starter.gocat.user.auth.GetAllUser.receiveListOfUser(GetAllUser.java:91)&#13;
starter.stepdefinitions.user.auth.GetAllUserSteps.receiveListOfUser(GetAllUserSteps.java:30)&#13;
io.cucumber.java.Invoker.doInvoke(Invoker.java:66)&#13;
io.cucumber.java.Invoker.invoke(Invoker.java:24)&#13;
io.cucumber.java.AbstractGlueDefinition.invokeMethod(AbstractGlueDefinition.java:47)&#13;
io.cucumber.java.JavaStepDefinition.execute(JavaStepDefinition.java:29)&#13;
io.cucumber.core.runner.CoreStepDefinition.execute(CoreStepDefinition.java:66)&#13;
io.cucumber.core.runner.PickleStepDefinitionMatch.runStep(PickleStepDefinitionMatch.java:63)&#13;
io.cucumber.core.runner.TestStep.executeStep(TestStep.java:84)&#13;
io.cucumber.core.runner.TestStep.run(TestStep.java:56)&#13;
io.cucumber.core.runner.PickleStepTestStep.run(PickleStepTestStep.java:51)&#13;
io.cucumber.core.runner.TestCase.run(TestCase.java:84)&#13;
io.cucumber.core.runner.Runner.runPickle(Runner.java:75)&#13;
io.cucumber.core.runtime.CucumberExecutionContext.lambda$runTestCase$5(CucumberExecutionContext.java:130)&#13;
io.cucumber.core.runtime.RethrowingThrowableCollector.executeAndThrow(RethrowingThrowableCollector.java:23)&#13;
io.cucumber.core.runtime.CucumberExecutionContext.runTestCase(CucumberExecutionContext.java:130)&#13;
io.cucumber.junit.FeatureRunner.runChild(FeatureRunner.java:144)&#13;
io.cucumber.junit.FeatureRunner.runChild(FeatureRunner.java:28)&#13;
io.cucumber.junit.FeatureRunner.run(FeatureRunner.java:137)&#13;
io.cucumber.junit.CucumberSerenityRunner.runChild(CucumberSerenityRunner.java:259)&#13;
io.cucumber.junit.CucumberSerenityRunner.runChild(CucumberSerenityRunner.java:59)&#13;
</system-err></testcase><testcase name="As a user I can not get all user with invalid endpoint"/><testcase name="As a user I can not get all user with post request"/><testcase name="As a user I can not get all user with put request"/></testsuite>