<?xml version="1.0" encoding="UTF-8" standalone="no"?><testsuite errors="0" failures="0" name="Update Photo Profile" skipped="0" tests="6" time="0.83" timestamp="2023-12-21 10:46:57"><testcase name="As a user i can update photo profile with valid credentials"/><testcase name="As a user I cannot update photo profile invalid API Endpoint"/><testcase name="As a user I cannot update photo profile with invalid request method"/><testcase name="As a user I cannot update photo profile with invalid token"/><testcase name="As a user I cannot update photo profile with invalid json data"/><testcase name="As a user I cannot update photo profile with invalid request credentials"/></testsuite>